# JRE version: OpenJDK Runtime Environment (11.0.11+9) (build 11.0.11+9-b60-7590822)
# Java VM: OpenJDK 64-Bit Server VM (11.0.11+9-b60-7590822, mixed mode, tiered, compressed oops, g1 gc, windows-amd64)
Heap:
 garbage-first heap   total 723968K, used 263087K [0x0000000080000000, 0x0000000100000000)
  region size 1024K, 2 young (2048K), 2 survivors (2048K)
 Metaspace       used 139901K, capacity 143943K, committed 144432K, reserved 1173504K
  class space    used 17896K, capacity 19429K, committed 19584K, reserved 1048576K
GC Heap History (20 events):
Event: 536.382 GC heap after
{Heap after GC invocations=151 (full 0):
 garbage-first heap   total 246784K, used 208879K [0x0000000080000000, 0x0000000100000000)
  region size 1024K, 2 young (2048K), 2 survivors (2048K)
 Metaspace       used 139598K, capacity 143626K, committed 143920K, reserved 1173504K
  class space    used 17896K, capacity 19435K, committed 19584K, reserved 1048576K
}
Event: 536.398 GC heap before
{Heap before GC invocations=151 (full 0):
 garbage-first heap   total 246784K, used 210927K [0x0000000080000000, 0x0000000100000000)
  region size 1024K, 5 young (5120K), 2 survivors (2048K)
 Metaspace       used 139598K, capacity 143626K, committed 143920K, reserved 1173504K
  class space    used 17896K, capacity 19435K, committed 19584K, reserved 1048576K
}
Event: 536.414 GC heap after
{Heap after GC invocations=152 (full 0):
 garbage-first heap   total 246784K, used 210311K [0x0000000080000000, 0x0000000100000000)
  region size 1024K, 1 young (1024K), 1 survivors (1024K)
 Metaspace       used 139598K, capacity 143626K, committed 143920K, reserved 1173504K
  class space    used 17896K, capacity 19435K, committed 19584K, reserved 1048576K
}
Event: 536.522 GC heap before
{Heap before GC invocations=152 (full 0):
 garbage-first heap   total 246784K, used 221575K [0x0000000080000000, 0x0000000100000000)
  region size 1024K, 12 young (12288K), 1 survivors (1024K)
 Metaspace       used 139598K, capacity 143626K, committed 143920K, reserved 1173504K
  class space    used 17896K, capacity 19435K, committed 19584K, reserved 1048576K
}
Event: 536.550 GC heap after
{Heap after GC invocations=153 (full 0):
 garbage-first heap   total 246784K, used 215461K [0x0000000080000000, 0x0000000100000000)
  region size 1024K, 2 young (2048K), 2 survivors (2048K)
 Metaspace       used 139598K, capacity 143626K, committed 143920K, reserved 1173504K
  class space    used 17896K, capacity 19435K, committed 19584K, reserved 1048576K
}
Event: 536.635 GC heap before
{Heap before GC invocations=153 (full 0):
 garbage-first heap   total 246784K, used 225701K [0x0000000080000000, 0x0000000100000000)
  region size 1024K, 12 young (12288K), 2 survivors (2048K)
 Metaspace       used 139598K, capacity 143626K, committed 143920K, reserved 1173504K
  class space    used 17896K, capacity 19435K, committed 19584K, reserved 1048576K
}
Event: 536.667 GC heap after
{Heap after GC invocations=154 (full 0):
 garbage-first heap   total 246784K, used 220841K [0x0000000080000000, 0x0000000100000000)
  region size 1024K, 2 young (2048K), 2 survivors (2048K)
 Metaspace       used 139598K, capacity 143626K, committed 143920K, reserved 1173504K
  class space    used 17896K, capacity 19435K, committed 19584K, reserved 1048576K
}
Event: 536.821 GC heap before
{Heap before GC invocations=154 (full 0):
 garbage-first heap   total 246784K, used 231081K [0x0000000080000000, 0x0000000100000000)
  region size 1024K, 12 young (12288K), 2 survivors (2048K)
 Metaspace       used 139751K, capacity 143819K, committed 144176K, reserved 1173504K
  class space    used 17900K, capacity 19435K, committed 19584K, reserved 1048576K
}
Event: 536.858 GC heap after
{Heap after GC invocations=155 (full 0):
 garbage-first heap   total 246784K, used 225280K [0x0000000080000000, 0x0000000100000000)
  region size 1024K, 2 young (2048K), 2 survivors (2048K)
 Metaspace       used 139751K, capacity 143819K, committed 144176K, reserved 1173504K
  class space    used 17900K, capacity 19435K, committed 19584K, reserved 1048576K
}
Event: 537.081 GC heap before
{Heap before GC invocations=155 (full 0):
 garbage-first heap   total 246784K, used 235520K [0x0000000080000000, 0x0000000100000000)
  region size 1024K, 12 young (12288K), 2 survivors (2048K)
 Metaspace       used 139817K, capacity 143886K, committed 144176K, reserved 1173504K
  class space    used 17900K, capacity 19435K, committed 19584K, reserved 1048576K
}
Event: 537.110 GC heap after
{Heap after GC invocations=156 (full 0):
 garbage-first heap   total 246784K, used 230767K [0x0000000080000000, 0x0000000100000000)
  region size 1024K, 2 young (2048K), 2 survivors (2048K)
 Metaspace       used 139817K, capacity 143886K, committed 144176K, reserved 1173504K
  class space    used 17900K, capacity 19435K, committed 19584K, reserved 1048576K
}
Event: 537.309 GC heap before
{Heap before GC invocations=156 (full 0):
 garbage-first heap   total 246784K, used 241007K [0x0000000080000000, 0x0000000100000000)
  region size 1024K, 12 young (12288K), 2 survivors (2048K)
 Metaspace       used 139841K, capacity 143874K, committed 144176K, reserved 1173504K
  class space    used 17896K, capacity 19429K, committed 19584K, reserved 1048576K
}
Event: 537.330 GC heap after
{Heap after GC invocations=157 (full 0):
 garbage-first heap   total 299008K, used 236237K [0x0000000080000000, 0x0000000100000000)
  region size 1024K, 2 young (2048K), 2 survivors (2048K)
 Metaspace       used 139841K, capacity 143874K, committed 144176K, reserved 1173504K
  class space    used 17896K, capacity 19429K, committed 19584K, reserved 1048576K
}
Event: 537.460 GC heap before
{Heap before GC invocations=157 (full 0):
 garbage-first heap   total 299008K, used 248525K [0x0000000080000000, 0x0000000100000000)
  region size 1024K, 14 young (14336K), 2 survivors (2048K)
 Metaspace       used 139888K, capacity 143942K, committed 144432K, reserved 1173504K
  class space    used 17896K, capacity 19429K, committed 19584K, reserved 1048576K
}
Event: 537.495 GC heap after
{Heap after GC invocations=158 (full 0):
 garbage-first heap   total 299008K, used 243188K [0x0000000080000000, 0x0000000100000000)
  region size 1024K, 2 young (2048K), 2 survivors (2048K)
 Metaspace       used 139888K, capacity 143942K, committed 144432K, reserved 1173504K
  class space    used 17896K, capacity 19429K, committed 19584K, reserved 1048576K
}
Event: 537.607 GC heap before
{Heap before GC invocations=158 (full 0):
 garbage-first heap   total 299008K, used 255476K [0x0000000080000000, 0x0000000100000000)
  region size 1024K, 14 young (14336K), 2 survivors (2048K)
 Metaspace       used 139894K, capacity 143943K, committed 144432K, reserved 1173504K
  class space    used 17896K, capacity 19429K, committed 19584K, reserved 1048576K
}
Event: 537.646 GC heap after
{Heap after GC invocations=159 (full 0):
 garbage-first heap   total 299008K, used 249856K [0x0000000080000000, 0x0000000100000000)
  region size 1024K, 2 young (2048K), 2 survivors (2048K)
 Metaspace       used 139894K, capacity 143943K, committed 144432K, reserved 1173504K
  class space    used 17896K, capacity 19429K, committed 19584K, reserved 1048576K
}
Event: 537.731 GC heap before
{Heap before GC invocations=160 (full 0):
 garbage-first heap   total 299008K, used 262144K [0x0000000080000000, 0x0000000100000000)
  region size 1024K, 14 young (14336K), 2 survivors (2048K)
 Metaspace       used 139897K, capacity 143943K, committed 144432K, reserved 1173504K
  class space    used 17896K, capacity 19429K, committed 19584K, reserved 1048576K
}
Event: 537.768 GC heap after
{Heap after GC invocations=161 (full 0):
 garbage-first heap   total 299008K, used 257024K [0x0000000080000000, 0x0000000100000000)
  region size 1024K, 2 young (2048K), 2 survivors (2048K)
 Metaspace       used 139897K, capacity 143943K, committed 144432K, reserved 1173504K
  class space    used 17896K, capacity 19429K, committed 19584K, reserved 1048576K
}
Event: 537.842 GC heap before
{Heap before GC invocations=161 (full 0):
 garbage-first heap   total 299008K, used 269312K [0x0000000080000000, 0x0000000100000000)
  region size 1024K, 14 young (14336K), 2 survivors (2048K)
 Metaspace       used 139901K, capacity 143943K, committed 144432K, reserved 1173504K
  class space    used 17896K, capacity 19429K, committed 19584K, reserved 1048576K
}

