# JRE version: OpenJDK Runtime Environment (11.0.11+9) (build 11.0.11+9-b60-7590822)
# Java VM: OpenJDK 64-Bit Server VM (11.0.11+9-b60-7590822, mixed mode, tiered, compressed oops, g1 gc, windows-amd64)
Heap:
 garbage-first heap   total 496640K, used 140805K [0x0000000080000000, 0x0000000100000000)
  region size 1024K, 3 young (3072K), 3 survivors (3072K)
 Metaspace       used 141634K, capacity 145753K, committed 145868K, reserved 1175552K
  class space    used 17879K, capacity 19366K, committed 19456K, reserved 1048576K
GC Heap History (20 events):
Event: 13079.018 GC heap after
{Heap after GC invocations=187 (full 0):
 garbage-first heap   total 199680K, used 109893K [0x0000000080000000, 0x0000000100000000)
  region size 1024K, 1 young (1024K), 1 survivors (1024K)
 Metaspace       used 135989K, capacity 139636K, committed 139980K, reserved 1171456K
  class space    used 17166K, capacity 18490K, committed 18688K, reserved 1048576K
}
Event: 13079.259 GC heap before
{Heap before GC invocations=187 (full 0):
 garbage-first heap   total 199680K, used 134469K [0x0000000080000000, 0x0000000100000000)
  region size 1024K, 25 young (25600K), 1 survivors (1024K)
 Metaspace       used 136025K, capacity 139636K, committed 139980K, reserved 1171456K
  class space    used 17166K, capacity 18490K, committed 18688K, reserved 1048576K
}
Event: 13079.268 GC heap after
{Heap after GC invocations=188 (full 0):
 garbage-first heap   total 199680K, used 110280K [0x0000000080000000, 0x0000000100000000)
  region size 1024K, 2 young (2048K), 2 survivors (2048K)
 Metaspace       used 136025K, capacity 139636K, committed 139980K, reserved 1171456K
  class space    used 17166K, capacity 18490K, committed 18688K, reserved 1048576K
}
Event: 13082.778 GC heap before
{Heap before GC invocations=189 (full 0):
 garbage-first heap   total 199680K, used 141000K [0x0000000080000000, 0x0000000100000000)
  region size 1024K, 32 young (32768K), 2 survivors (2048K)
 Metaspace       used 138217K, capacity 141946K, committed 142156K, reserved 1173504K
  class space    used 17410K, capacity 18784K, committed 18816K, reserved 1048576K
}
Event: 13082.805 GC heap after
{Heap after GC invocations=190 (full 0):
 garbage-first heap   total 199680K, used 112170K [0x0000000080000000, 0x0000000100000000)
  region size 1024K, 3 young (3072K), 3 survivors (3072K)
 Metaspace       used 138217K, capacity 141946K, committed 142156K, reserved 1173504K
  class space    used 17410K, capacity 18784K, committed 18816K, reserved 1048576K
}
Event: 13084.560 GC heap before
{Heap before GC invocations=190 (full 0):
 garbage-first heap   total 199680K, used 120362K [0x0000000080000000, 0x0000000100000000)
  region size 1024K, 9 young (9216K), 3 survivors (3072K)
 Metaspace       used 138255K, capacity 142016K, committed 142156K, reserved 1173504K
  class space    used 17413K, capacity 18785K, committed 18816K, reserved 1048576K
}
Event: 13084.576 GC heap after
{Heap after GC invocations=191 (full 0):
 garbage-first heap   total 199680K, used 116249K [0x0000000080000000, 0x0000000100000000)
  region size 1024K, 2 young (2048K), 2 survivors (2048K)
 Metaspace       used 138255K, capacity 142016K, committed 142156K, reserved 1173504K
  class space    used 17413K, capacity 18785K, committed 18816K, reserved 1048576K
}
Event: 13084.930 GC heap before
{Heap before GC invocations=191 (full 0):
 garbage-first heap   total 199680K, used 154137K [0x0000000080000000, 0x0000000100000000)
  region size 1024K, 39 young (39936K), 2 survivors (2048K)
 Metaspace       used 138374K, capacity 142147K, committed 142412K, reserved 1173504K
  class space    used 17417K, capacity 18786K, committed 18816K, reserved 1048576K
}
Event: 13084.942 GC heap after
{Heap after GC invocations=192 (full 0):
 garbage-first heap   total 199680K, used 116411K [0x0000000080000000, 0x0000000100000000)
  region size 1024K, 2 young (2048K), 2 survivors (2048K)
 Metaspace       used 138374K, capacity 142147K, committed 142412K, reserved 1173504K
  class space    used 17417K, capacity 18786K, committed 18816K, reserved 1048576K
}
Event: 13089.299 GC heap before
{Heap before GC invocations=193 (full 0):
 garbage-first heap   total 199680K, used 160443K [0x0000000080000000, 0x0000000100000000)
  region size 1024K, 41 young (41984K), 2 survivors (2048K)
 Metaspace       used 139542K, capacity 143644K, committed 143692K, reserved 1173504K
  class space    used 17571K, capacity 19042K, committed 19072K, reserved 1048576K
}
Event: 13089.878 GC heap after
{Heap after GC invocations=194 (full 0):
 garbage-first heap   total 199680K, used 123837K [0x0000000080000000, 0x0000000100000000)
  region size 1024K, 6 young (6144K), 6 survivors (6144K)
 Metaspace       used 139542K, capacity 143644K, committed 143692K, reserved 1173504K
  class space    used 17571K, capacity 19042K, committed 19072K, reserved 1048576K
}
Event: 13090.599 GC heap before
{Heap before GC invocations=194 (full 0):
 garbage-first heap   total 199680K, used 125885K [0x0000000080000000, 0x0000000100000000)
  region size 1024K, 9 young (9216K), 6 survivors (6144K)
 Metaspace       used 139542K, capacity 143644K, committed 143692K, reserved 1173504K
  class space    used 17571K, capacity 19042K, committed 19072K, reserved 1048576K
}
Event: 13090.674 GC heap after
{Heap after GC invocations=195 (full 0):
 garbage-first heap   total 199680K, used 123927K [0x0000000080000000, 0x0000000100000000)
  region size 1024K, 1 young (1024K), 1 survivors (1024K)
 Metaspace       used 139542K, capacity 143644K, committed 143692K, reserved 1173504K
  class space    used 17571K, capacity 19042K, committed 19072K, reserved 1048576K
}
Event: 13091.613 GC heap before
{Heap before GC invocations=195 (full 0):
 garbage-first heap   total 199680K, used 147479K [0x0000000080000000, 0x0000000100000000)
  region size 1024K, 24 young (24576K), 1 survivors (1024K)
 Metaspace       used 139694K, capacity 143796K, committed 143948K, reserved 1173504K
  class space    used 17589K, capacity 19066K, committed 19072K, reserved 1048576K
}
Event: 13091.627 GC heap after
{Heap after GC invocations=196 (full 0):
 garbage-first heap   total 199680K, used 124630K [0x0000000080000000, 0x0000000100000000)
  region size 1024K, 2 young (2048K), 2 survivors (2048K)
 Metaspace       used 139694K, capacity 143796K, committed 143948K, reserved 1173504K
  class space    used 17589K, capacity 19066K, committed 19072K, reserved 1048576K
}
Event: 13096.998 GC heap before
{Heap before GC invocations=197 (full 0):
 garbage-first heap   total 199680K, used 163542K [0x0000000080000000, 0x0000000100000000)
  region size 1024K, 32 young (32768K), 2 survivors (2048K)
 Metaspace       used 141067K, capacity 145242K, committed 145484K, reserved 1175552K
  class space    used 17795K, capacity 19322K, committed 19328K, reserved 1048576K
}
Event: 13097.092 GC heap after
{Heap after GC invocations=198 (full 0):
 garbage-first heap   total 199680K, used 138830K [0x0000000080000000, 0x0000000100000000)
  region size 1024K, 4 young (4096K), 4 survivors (4096K)
 Metaspace       used 141067K, capacity 145242K, committed 145484K, reserved 1175552K
  class space    used 17795K, capacity 19322K, committed 19328K, reserved 1048576K
}
Event: 13098.030 GC heap before
{Heap before GC invocations=198 (full 0):
 garbage-first heap   total 199680K, used 143950K [0x0000000080000000, 0x0000000100000000)
  region size 1024K, 9 young (9216K), 4 survivors (4096K)
 Metaspace       used 141367K, capacity 145569K, committed 145868K, reserved 1175552K
  class space    used 17843K, capacity 19346K, committed 19456K, reserved 1048576K
}
Event: 13098.532 GC heap after
{Heap after GC invocations=199 (full 0):
 garbage-first heap   total 199680K, used 139493K [0x0000000080000000, 0x0000000100000000)
  region size 1024K, 1 young (1024K), 1 survivors (1024K)
 Metaspace       used 141367K, capacity 145569K, committed 145868K, reserved 1175552K
  class space    used 17843K, capacity 19346K, committed 19456K, reserved 1048576K
}
Event: 13101.734 GC heap before
{Heap before GC invocations=199 (full 0):
 garbage-first heap   total 199680K, used 155877K [0x0000000080000000, 0x0000000100000000)
  region size 1024K, 17 young (17408K), 1 survivors (1024K)
 Metaspace       used 141634K, capacity 145753K, committed 145868K, reserved 1175552K
  class space    used 17879K, capacity 19366K, committed 19456K, reserved 1048576K
}

